<?xml version="1.0" encoding="UTF-8"?>
<testsuite name="cat.itacademy.barcelonactiva.PerezBraveso.Alejandro.s04.t02.n01.S04T02N01PerezBravesoAlejandroApplicationTests" tests="1" skipped="0" failures="0" errors="0" timestamp="2024-05-21T11:17:30" hostname="PC-1062649" time="0.47">
  <properties/>
  <testcase name="contextLoads()" classname="cat.itacademy.barcelonactiva.PerezBraveso.Alejandro.s04.t02.n01.S04T02N01PerezBravesoAlejandroApplicationTests" time="0.47"/>
  <system-out><![CDATA[13:17:26.773 [Test worker] INFO org.springframework.test.context.support.AnnotationConfigContextLoaderUtils -- Could not detect default configuration classes for test class [cat.itacademy.barcelonactiva.PerezBraveso.Alejandro.s04.t02.n01.S04T02N01PerezBravesoAlejandroApplicationTests]: S04T02N01PerezBravesoAlejandroApplicationTests does not declare any static, non-private, non-final, nested classes annotated with @Configuration.
13:17:26.857 [Test worker] INFO org.springframework.boot.test.context.SpringBootTestContextBootstrapper -- Found @SpringBootConfiguration cat.itacademy.barcelonactiva.PerezBraveso.Alejandro.s04.t02.n01.S04T02N01PerezBravesoAlejandroApplication for test class cat.itacademy.barcelonactiva.PerezBraveso.Alejandro.s04.t02.n01.S04T02N01PerezBravesoAlejandroApplicationTests

  .   ____          _            __ _ _
 /\\ / ___'_ __ _ _(_)_ __  __ _ \ \ \ \
( ( )\___ | '_ | '_| | '_ \/ _` | \ \ \ \
 \\/  ___)| |_)| | | | | || (_| |  ) ) ) )
  '  |____| .__|_| |_|_| |_\__, | / / / /
 =========|_|==============|___/=/_/_/_/
 :: Spring Boot ::                (v3.2.5)

2024-05-21T13:17:27.227+02:00  INFO 5720 --- [S04T02N01PerezBravesoAlejandro] [    Test worker] N01PerezBravesoAlejandroApplicationTests : Starting S04T02N01PerezBravesoAlejandroApplicationTests using Java 19.0.1 with PID 5720 (started by formacio in C:\Users\formacio\Desktop\ALEX PEREZ\INTELIJ\SPRINT4TASCA2\S04T02N01PerezBravesoAlejandro)
2024-05-21T13:17:27.229+02:00  INFO 5720 --- [S04T02N01PerezBravesoAlejandro] [    Test worker] N01PerezBravesoAlejandroApplicationTests : No active profile set, falling back to 1 default profile: "default"
2024-05-21T13:17:27.791+02:00  INFO 5720 --- [S04T02N01PerezBravesoAlejandro] [    Test worker] .s.d.r.c.RepositoryConfigurationDelegate : Bootstrapping Spring Data JPA repositories in DEFAULT mode.
2024-05-21T13:17:27.847+02:00  INFO 5720 --- [S04T02N01PerezBravesoAlejandro] [    Test worker] .s.d.r.c.RepositoryConfigurationDelegate : Finished Spring Data repository scanning in 45 ms. Found 1 JPA repository interface.
2024-05-21T13:17:28.194+02:00  INFO 5720 --- [S04T02N01PerezBravesoAlejandro] [    Test worker] com.zaxxer.hikari.HikariDataSource       : HikariPool-1 - Starting...
2024-05-21T13:17:28.359+02:00  INFO 5720 --- [S04T02N01PerezBravesoAlejandro] [    Test worker] com.zaxxer.hikari.pool.HikariPool        : HikariPool-1 - Added connection conn0: url=jdbc:h2:mem:eb300b39-0a90-43d9-8648-4f3d397cb06c user=SA
2024-05-21T13:17:28.361+02:00  INFO 5720 --- [S04T02N01PerezBravesoAlejandro] [    Test worker] com.zaxxer.hikari.HikariDataSource       : HikariPool-1 - Start completed.
2024-05-21T13:17:28.405+02:00  INFO 5720 --- [S04T02N01PerezBravesoAlejandro] [    Test worker] o.hibernate.jpa.internal.util.LogHelper  : HHH000204: Processing PersistenceUnitInfo [name: default]
2024-05-21T13:17:28.467+02:00  INFO 5720 --- [S04T02N01PerezBravesoAlejandro] [    Test worker] org.hibernate.Version                    : HHH000412: Hibernate ORM core version 6.4.4.Final
2024-05-21T13:17:28.516+02:00  INFO 5720 --- [S04T02N01PerezBravesoAlejandro] [    Test worker] o.h.c.internal.RegionFactoryInitiator    : HHH000026: Second-level cache disabled
2024-05-21T13:17:28.757+02:00  INFO 5720 --- [S04T02N01PerezBravesoAlejandro] [    Test worker] o.s.o.j.p.SpringPersistenceUnitInfo      : No LoadTimeWeaver setup: ignoring JPA class transformer
2024-05-21T13:17:29.485+02:00  INFO 5720 --- [S04T02N01PerezBravesoAlejandro] [    Test worker] o.h.e.t.j.p.i.JtaPlatformInitiator       : HHH000489: No JTA platform available (set 'hibernate.transaction.jta.platform' to enable JTA platform integration)
2024-05-21T13:17:29.513+02:00  INFO 5720 --- [S04T02N01PerezBravesoAlejandro] [    Test worker] j.LocalContainerEntityManagerFactoryBean : Initialized JPA EntityManagerFactory for persistence unit 'default'
2024-05-21T13:17:29.872+02:00  WARN 5720 --- [S04T02N01PerezBravesoAlejandro] [    Test worker] JpaBaseConfiguration$JpaWebConfiguration : spring.jpa.open-in-view is enabled by default. Therefore, database queries may be performed during view rendering. Explicitly configure spring.jpa.open-in-view to disable this warning
2024-05-21T13:17:30.241+02:00  INFO 5720 --- [S04T02N01PerezBravesoAlejandro] [    Test worker] N01PerezBravesoAlejandroApplicationTests : Started S04T02N01PerezBravesoAlejandroApplicationTests in 3.224 seconds (process running for 4.228)
]]></system-out>
  <system-err><![CDATA[]]></system-err>
</testsuite>
